[INFO] Scanning for projects...
[INFO] ------------------------------------------------------------------------
[INFO] Building jalds
[INFO]    task-segment: [clean, install]
[INFO] ------------------------------------------------------------------------
[INFO] [clean:clean]
[INFO] Deleting directory C:\devender\jalds\trunk\jalds\target
[INFO] [resources:resources]
[INFO] Using default encoding to copy filtered resources.
[INFO] [compiler:compile]
[INFO] Compiling 27 source files to C:\devender\jalds\trunk\jalds\target\classes
[INFO] [resources:testResources]
[INFO] Using default encoding to copy filtered resources.
[INFO] [compiler:testCompile]
[INFO] Compiling 16 source files to C:\devender\jalds\trunk\jalds\target\test-classes
[INFO] [surefire:test]
[INFO] Surefire report directory: C:\devender\jalds\trunk\jalds\target\surefire-reports

-------------------------------------------------------
 T E S T S
-------------------------------------------------------
Running test.jalds.alds.al.sorting.comparisonsort.TestGnomeSort
Gnome  Sort || 100 || 0
Tests run: 1, Failures: 0, Errors: 0, Skipped: 0, Time elapsed: 0.062 sec
Running test.jalds.alds.al.sorting.comparisonsort.TestInsertionSort
Insertion   || 100 || 0
Tests run: 1, Failures: 0, Errors: 0, Skipped: 0, Time elapsed: 0.016 sec
Running test.jalds.alds.al.sorting.comparisonsort.TestSortingHelper
Tests run: 0, Failures: 0, Errors: 0, Skipped: 0, Time elapsed: 0 sec
Running test.jalds.alds.al.sorting.comparisonsort.TestSelectionSort
Selection   || 100 || 0
Tests run: 1, Failures: 0, Errors: 0, Skipped: 0, Time elapsed: 0.016 sec
Running test.jalds.alds.al.sorting.comparisonsort.TestCocktailSort
CockTail    || 100 || 0
Tests run: 1, Failures: 0, Errors: 0, Skipped: 0, Time elapsed: 0 sec
Running test.jalds.alds.ds.tree.TestSimpleBinaryTree
Tests run: 9, Failures: 0, Errors: 0, Skipped: 0, Time elapsed: 0.016 sec
Running test.jalds.alds.al.sorting.comparisonsort.TestCombSort
Comb   Sort || 100 || 0
Tests run: 1, Failures: 0, Errors: 0, Skipped: 0, Time elapsed: 0.015 sec
Running test.jalds.alds.al.sorting.comparisonsort.TestMergeSort
Merge Sort  || 100 || 0
Tests run: 1, Failures: 0, Errors: 0, Skipped: 0, Time elapsed: 0 sec
Running test.jalds.alds.al.sorting.TestComparisonSorts
Tests run: 0, Failures: 0, Errors: 0, Skipped: 0, Time elapsed: 0.016 sec
Running test.jalds.alds.ds.heaps.TestHeap
Tests run: 1, Failures: 0, Errors: 0, Skipped: 0, Time elapsed: 0 sec
Running test.jalds.alds.ds.tree.TestNode
Tests run: 1, Failures: 0, Errors: 0, Skipped: 0, Time elapsed: 0.016 sec
Running test.jalds.alds.al.sorting.comparisonsort.TestShellSort
Shell Sort  || 100 || 0
Tests run: 1, Failures: 0, Errors: 0, Skipped: 0, Time elapsed: 0 sec
Running test.jalds.alds.al.sorting.comparisonsort.TestBubbleSort
Bubble Sort || 100 || 15
Tests run: 1, Failures: 0, Errors: 0, Skipped: 0, Time elapsed: 0.015 sec
Running test.jalds.alds.al.sorting.comparisonsort.TestBinaryTreeSort
BinaryTree  || 98 || 0
Tests run: 1, Failures: 0, Errors: 0, Skipped: 0, Time elapsed: 0 sec
Running test.jalds.alds.ds.tree.rb.TestRedBlackTree
Tests run: 10, Failures: 0, Errors: 0, Skipped: 0, Time elapsed: 0.032 sec

Results :

Tests run: 30, Failures: 0, Errors: 0, Skipped: 0

[INFO] [jar:jar]
[INFO] Building jar: C:\devender\jalds\trunk\jalds\target\jalds-0.0.1-SNAPSHOT.jar
[INFO] [install:install]
[INFO] Installing C:\devender\jalds\trunk\jalds\target\jalds-0.0.1-SNAPSHOT.jar to C:\Documents and Settings\Meno\.m2\repository\jalds\jalds\0.0.1-SNAPSHOT\jalds-0.0.1-SNAPSHOT.jar
[INFO] ------------------------------------------------------------------------
[INFO] BUILD SUCCESSFUL
[INFO] ------------------------------------------------------------------------
[INFO] Total time: 7 seconds
[INFO] Finished at: Wed May 28 17:13:02 MST 2008
[INFO] Final Memory: 11M/23M
[INFO] ------------------------------------------------------------------------
[INFO] Scanning for projects...
[INFO] ------------------------------------------------------------------------
[INFO] Building jalds
[INFO]    task-segment: [test]
[INFO] ------------------------------------------------------------------------
[INFO] [resources:resources]
[INFO] Using default encoding to copy filtered resources.
[INFO] [compiler:compile]
[INFO] Nothing to compile - all classes are up to date
[INFO] [resources:testResources]
[INFO] Using default encoding to copy filtered resources.
[INFO] [compiler:testCompile]
[INFO] Nothing to compile - all classes are up to date
[INFO] [surefire:test]
[INFO] Surefire report directory: C:\devender\jalds\trunk\jalds\target\surefire-reports

-------------------------------------------------------
 T E S T S
-------------------------------------------------------
Running test.jalds.alds.al.sorting.comparisonsort.TestGnomeSort
Gnome  Sort || 100 || 0
Tests run: 1, Failures: 0, Errors: 0, Skipped: 0, Time elapsed: 0.063 sec
Running test.jalds.alds.al.sorting.comparisonsort.TestInsertionSort
Insertion   || 100 || 0
Tests run: 1, Failures: 0, Errors: 0, Skipped: 0, Time elapsed: 0 sec
Running test.jalds.alds.al.sorting.comparisonsort.TestSortingHelper
Tests run: 0, Failures: 0, Errors: 0, Skipped: 0, Time elapsed: 0 sec
Running test.jalds.alds.al.sorting.comparisonsort.TestSelectionSort
Selection   || 100 || 0
Tests run: 1, Failures: 0, Errors: 0, Skipped: 0, Time elapsed: 0.016 sec
Running test.jalds.alds.al.sorting.comparisonsort.TestCocktailSort
CockTail    || 100 || 0
Tests run: 1, Failures: 0, Errors: 0, Skipped: 0, Time elapsed: 0.016 sec
Running test.jalds.alds.ds.tree.TestSimpleBinaryTree
Tests run: 9, Failures: 0, Errors: 0, Skipped: 0, Time elapsed: 0.015 sec
Running test.jalds.alds.al.sorting.comparisonsort.TestCombSort
Comb   Sort || 100 || 0
Tests run: 1, Failures: 0, Errors: 0, Skipped: 0, Time elapsed: 0 sec
Running test.jalds.alds.al.sorting.comparisonsort.TestMergeSort
Merge Sort  || 100 || 0
Tests run: 1, Failures: 0, Errors: 0, Skipped: 0, Time elapsed: 0.016 sec
Running test.jalds.alds.al.sorting.TestComparisonSorts
Tests run: 0, Failures: 0, Errors: 0, Skipped: 0, Time elapsed: 0 sec
Running test.jalds.alds.ds.heaps.TestHeap
Tests run: 1, Failures: 0, Errors: 0, Skipped: 0, Time elapsed: 0.016 sec
Running test.jalds.alds.ds.tree.TestNode
Tests run: 1, Failures: 0, Errors: 0, Skipped: 0, Time elapsed: 0 sec
Running test.jalds.alds.al.sorting.comparisonsort.TestShellSort
Shell Sort  || 100 || 0
Tests run: 1, Failures: 0, Errors: 0, Skipped: 0, Time elapsed: 0.015 sec
Running test.jalds.alds.al.sorting.comparisonsort.TestBubbleSort
Bubble Sort || 100 || 0
Tests run: 1, Failures: 0, Errors: 0, Skipped: 0, Time elapsed: 0 sec
Running test.jalds.alds.al.sorting.comparisonsort.TestBinaryTreeSort
BinaryTree  || 97 || 16
Tests run: 1, Failures: 0, Errors: 0, Skipped: 0, Time elapsed: 0.016 sec
Running test.jalds.alds.ds.tree.rb.TestRedBlackTree
Tests run: 10, Failures: 0, Errors: 0, Skipped: 0, Time elapsed: 0.031 sec

Results :

Tests run: 30, Failures: 0, Errors: 0, Skipped: 0

[INFO] ------------------------------------------------------------------------
[INFO] BUILD SUCCESSFUL
[INFO] ------------------------------------------------------------------------
[INFO] Total time: 3 seconds
[INFO] Finished at: Wed May 28 17:13:05 MST 2008
[INFO] Final Memory: 4M/8M
[INFO] ------------------------------------------------------------------------
[INFO] Scanning for projects...
[INFO] ------------------------------------------------------------------------
[INFO] Building jalds
[INFO]    task-segment: [test]
[INFO] ------------------------------------------------------------------------
[INFO] [resources:resources]
[INFO] Using default encoding to copy filtered resources.
[INFO] [compiler:compile]
[INFO] Nothing to compile - all classes are up to date
[INFO] [resources:testResources]
[INFO] Using default encoding to copy filtered resources.
[INFO] [compiler:testCompile]
[INFO] Nothing to compile - all classes are up to date
[INFO] [surefire:test]
[INFO] Surefire report directory: C:\devender\jalds\trunk\jalds\target\surefire-reports

-------------------------------------------------------
 T E S T S
-------------------------------------------------------
Running test.jalds.alds.al.sorting.comparisonsort.TestGnomeSort
Gnome  Sort || 100 || 0
Tests run: 1, Failures: 0, Errors: 0, Skipped: 0, Time elapsed: 0.062 sec
Running test.jalds.alds.al.sorting.comparisonsort.TestInsertionSort
Insertion   || 100 || 0
Tests run: 1, Failures: 0, Errors: 0, Skipped: 0, Time elapsed: 0 sec
Running test.jalds.alds.al.sorting.comparisonsort.TestSortingHelper
Tests run: 0, Failures: 0, Errors: 0, Skipped: 0, Time elapsed: 0 sec
Running test.jalds.alds.al.sorting.comparisonsort.TestSelectionSort
Selection   || 100 || 0
Tests run: 1, Failures: 0, Errors: 0, Skipped: 0, Time elapsed: 0.016 sec
Running test.jalds.alds.al.sorting.comparisonsort.TestCocktailSort
CockTail    || 100 || 0
Tests run: 1, Failures: 0, Errors: 0, Skipped: 0, Time elapsed: 0.015 sec
Running test.jalds.alds.ds.tree.TestSimpleBinaryTree
Tests run: 9, Failures: 0, Errors: 0, Skipped: 0, Time elapsed: 0.016 sec
Running test.jalds.alds.al.sorting.comparisonsort.TestCombSort
Comb   Sort || 100 || 0
Tests run: 1, Failures: 0, Errors: 0, Skipped: 0, Time elapsed: 0 sec
Running test.jalds.alds.al.sorting.comparisonsort.TestMergeSort
Merge Sort  || 100 || 15
Tests run: 1, Failures: 0, Errors: 0, Skipped: 0, Time elapsed: 0.015 sec
Running test.jalds.alds.al.sorting.TestComparisonSorts
Tests run: 0, Failures: 0, Errors: 0, Skipped: 0, Time elapsed: 0 sec
Running test.jalds.alds.ds.heaps.TestHeap
Tests run: 1, Failures: 0, Errors: 0, Skipped: 0, Time elapsed: 0.016 sec
Running test.jalds.alds.ds.tree.TestNode
Tests run: 1, Failures: 0, Errors: 0, Skipped: 0, Time elapsed: 0 sec
Running test.jalds.alds.al.sorting.comparisonsort.TestShellSort
Shell Sort  || 100 || 0
Tests run: 1, Failures: 0, Errors: 0, Skipped: 0, Time elapsed: 0.016 sec
Running test.jalds.alds.al.sorting.comparisonsort.TestBubbleSort
Bubble Sort || 100 || 0
Tests run: 1, Failures: 0, Errors: 0, Skipped: 0, Time elapsed: 0 sec
Running test.jalds.alds.al.sorting.comparisonsort.TestBinaryTreeSort
BinaryTree  || 91 || 0
Tests run: 1, Failures: 0, Errors: 0, Skipped: 0, Time elapsed: 0.015 sec
Running test.jalds.alds.ds.tree.rb.TestRedBlackTree
Tests run: 10, Failures: 0, Errors: 0, Skipped: 0, Time elapsed: 0.032 sec

Results :

Tests run: 30, Failures: 0, Errors: 0, Skipped: 0

[INFO] ------------------------------------------------------------------------
[INFO] BUILD SUCCESSFUL
[INFO] ------------------------------------------------------------------------
[INFO] Total time: 2 seconds
[INFO] Finished at: Wed May 28 17:13:09 MST 2008
[INFO] Final Memory: 4M/8M
[INFO] ------------------------------------------------------------------------
[INFO] Scanning for projects...
[INFO] ------------------------------------------------------------------------
[INFO] Building jalds
[INFO]    task-segment: [test]
[INFO] ------------------------------------------------------------------------
[INFO] [resources:resources]
[INFO] Using default encoding to copy filtered resources.
[INFO] [compiler:compile]
[INFO] Nothing to compile - all classes are up to date
[INFO] [resources:testResources]
[INFO] Using default encoding to copy filtered resources.
[INFO] [compiler:testCompile]
[INFO] Nothing to compile - all classes are up to date
[INFO] [surefire:test]
[INFO] Surefire report directory: C:\devender\jalds\trunk\jalds\target\surefire-reports

-------------------------------------------------------
 T E S T S
-------------------------------------------------------
Running test.jalds.alds.al.sorting.comparisonsort.TestGnomeSort
Gnome  Sort || 100 || 0
Tests run: 1, Failures: 0, Errors: 0, Skipped: 0, Time elapsed: 0.062 sec
Running test.jalds.alds.al.sorting.comparisonsort.TestInsertionSort
Insertion   || 100 || 0
Tests run: 1, Failures: 0, Errors: 0, Skipped: 0, Time elapsed: 0 sec
Running test.jalds.alds.al.sorting.comparisonsort.TestSortingHelper
Tests run: 0, Failures: 0, Errors: 0, Skipped: 0, Time elapsed: 0 sec
Running test.jalds.alds.al.sorting.comparisonsort.TestSelectionSort
Selection   || 100 || 0
Tests run: 1, Failures: 0, Errors: 0, Skipped: 0, Time elapsed: 0.016 sec
Running test.jalds.alds.al.sorting.comparisonsort.TestCocktailSort
CockTail    || 100 || 0
Tests run: 1, Failures: 0, Errors: 0, Skipped: 0, Time elapsed: 0.015 sec
Running test.jalds.alds.ds.tree.TestSimpleBinaryTree
Tests run: 9, Failures: 0, Errors: 0, Skipped: 0, Time elapsed: 0.016 sec
Running test.jalds.alds.al.sorting.comparisonsort.TestCombSort
Comb   Sort || 100 || 0
Tests run: 1, Failures: 0, Errors: 0, Skipped: 0, Time elapsed: 0 sec
Running test.jalds.alds.al.sorting.comparisonsort.TestMergeSort
Merge Sort  || 100 || 0
Tests run: 1, Failures: 0, Errors: 0, Skipped: 0, Time elapsed: 0.015 sec
Running test.jalds.alds.al.sorting.TestComparisonSorts
Tests run: 0, Failures: 0, Errors: 0, Skipped: 0, Time elapsed: 0 sec
Running test.jalds.alds.ds.heaps.TestHeap
Tests run: 1, Failures: 0, Errors: 0, Skipped: 0, Time elapsed: 0.016 sec
Running test.jalds.alds.ds.tree.TestNode
Tests run: 1, Failures: 0, Errors: 0, Skipped: 0, Time elapsed: 0 sec
Running test.jalds.alds.al.sorting.comparisonsort.TestShellSort
Shell Sort  || 100 || 0
Tests run: 1, Failures: 0, Errors: 0, Skipped: 0, Time elapsed: 0.016 sec
Running test.jalds.alds.al.sorting.comparisonsort.TestBubbleSort
Bubble Sort || 100 || 0
Tests run: 1, Failures: 0, Errors: 0, Skipped: 0, Time elapsed: 0 sec
Running test.jalds.alds.al.sorting.comparisonsort.TestBinaryTreeSort
BinaryTree  || 96 || 15
Tests run: 1, Failures: 0, Errors: 0, Skipped: 0, Time elapsed: 0.015 sec
Running test.jalds.alds.ds.tree.rb.TestRedBlackTree
Tests run: 10, Failures: 0, Errors: 0, Skipped: 0, Time elapsed: 0.032 sec

Results :

Tests run: 30, Failures: 0, Errors: 0, Skipped: 0

[INFO] ------------------------------------------------------------------------
[INFO] BUILD SUCCESSFUL
[INFO] ------------------------------------------------------------------------
[INFO] Total time: 3 seconds
[INFO] Finished at: Wed May 28 17:13:13 MST 2008
[INFO] Final Memory: 4M/8M
[INFO] ------------------------------------------------------------------------
[INFO] Scanning for projects...
[INFO] ------------------------------------------------------------------------
[INFO] Building jalds
[INFO]    task-segment: [test]
[INFO] ------------------------------------------------------------------------
[INFO] [resources:resources]
[INFO] Using default encoding to copy filtered resources.
[INFO] [compiler:compile]
[INFO] Nothing to compile - all classes are up to date
[INFO] [resources:testResources]
[INFO] Using default encoding to copy filtered resources.
[INFO] [compiler:testCompile]
[INFO] Nothing to compile - all classes are up to date
[INFO] [surefire:test]
[INFO] Surefire report directory: C:\devender\jalds\trunk\jalds\target\surefire-reports

-------------------------------------------------------
 T E S T S
-------------------------------------------------------
Running test.jalds.alds.al.sorting.comparisonsort.TestGnomeSort
Gnome  Sort || 100 || 0
Tests run: 1, Failures: 0, Errors: 0, Skipped: 0, Time elapsed: 0.062 sec
Running test.jalds.alds.al.sorting.comparisonsort.TestInsertionSort
Insertion   || 100 || 0
Tests run: 1, Failures: 0, Errors: 0, Skipped: 0, Time elapsed: 0.016 sec
Running test.jalds.alds.al.sorting.comparisonsort.TestSortingHelper
Tests run: 0, Failures: 0, Errors: 0, Skipped: 0, Time elapsed: 0 sec
Running test.jalds.alds.al.sorting.comparisonsort.TestSelectionSort
Selection   || 100 || 0
Tests run: 1, Failures: 0, Errors: 0, Skipped: 0, Time elapsed: 0.015 sec
Running test.jalds.alds.al.sorting.comparisonsort.TestCocktailSort
CockTail    || 100 || 16
Tests run: 1, Failures: 0, Errors: 0, Skipped: 0, Time elapsed: 0.016 sec
Running test.jalds.alds.ds.tree.TestSimpleBinaryTree
Tests run: 9, Failures: 0, Errors: 0, Skipped: 0, Time elapsed: 0.016 sec
Running test.jalds.alds.al.sorting.comparisonsort.TestCombSort
Comb   Sort || 100 || 0
Tests run: 1, Failures: 0, Errors: 0, Skipped: 0, Time elapsed: 0.015 sec
Running test.jalds.alds.al.sorting.comparisonsort.TestMergeSort
Merge Sort  || 100 || 0
Tests run: 1, Failures: 0, Errors: 0, Skipped: 0, Time elapsed: 0 sec
Running test.jalds.alds.al.sorting.TestComparisonSorts
Tests run: 0, Failures: 0, Errors: 0, Skipped: 0, Time elapsed: 0.016 sec
Running test.jalds.alds.ds.heaps.TestHeap
Tests run: 1, Failures: 0, Errors: 0, Skipped: 0, Time elapsed: 0 sec
Running test.jalds.alds.ds.tree.TestNode
Tests run: 1, Failures: 0, Errors: 0, Skipped: 0, Time elapsed: 0.015 sec
Running test.jalds.alds.al.sorting.comparisonsort.TestShellSort
Shell Sort  || 100 || 0
Tests run: 1, Failures: 0, Errors: 0, Skipped: 0, Time elapsed: 0 sec
Running test.jalds.alds.al.sorting.comparisonsort.TestBubbleSort
Bubble Sort || 100 || 0
Tests run: 1, Failures: 0, Errors: 0, Skipped: 0, Time elapsed: 0.016 sec
Running test.jalds.alds.al.sorting.comparisonsort.TestBinaryTreeSort
BinaryTree  || 93 || 0
Tests run: 1, Failures: 0, Errors: 0, Skipped: 0, Time elapsed: 0 sec
Running test.jalds.alds.ds.tree.rb.TestRedBlackTree
Tests run: 10, Failures: 0, Errors: 0, Skipped: 0, Time elapsed: 0.031 sec

Results :

Tests run: 30, Failures: 0, Errors: 0, Skipped: 0

[INFO] ------------------------------------------------------------------------
[INFO] BUILD SUCCESSFUL
[INFO] ------------------------------------------------------------------------
[INFO] Total time: 3 seconds
[INFO] Finished at: Wed May 28 17:13:17 MST 2008
[INFO] Final Memory: 4M/8M
[INFO] ------------------------------------------------------------------------
[INFO] Scanning for projects...
[INFO] ------------------------------------------------------------------------
[INFO] Building jalds
[INFO]    task-segment: [test]
[INFO] ------------------------------------------------------------------------
[INFO] [resources:resources]
[INFO] Using default encoding to copy filtered resources.
[INFO] [compiler:compile]
[INFO] Nothing to compile - all classes are up to date
[INFO] [resources:testResources]
[INFO] Using default encoding to copy filtered resources.
[INFO] [compiler:testCompile]
[INFO] Nothing to compile - all classes are up to date
[INFO] [surefire:test]
[INFO] Surefire report directory: C:\devender\jalds\trunk\jalds\target\surefire-reports

-------------------------------------------------------
 T E S T S
-------------------------------------------------------
Running test.jalds.alds.al.sorting.comparisonsort.TestGnomeSort
Gnome  Sort || 100 || 0
Tests run: 1, Failures: 0, Errors: 0, Skipped: 0, Time elapsed: 0.062 sec
Running test.jalds.alds.al.sorting.comparisonsort.TestInsertionSort
Insertion   || 100 || 0
Tests run: 1, Failures: 0, Errors: 0, Skipped: 0, Time elapsed: 0.016 sec
Running test.jalds.alds.al.sorting.comparisonsort.TestSortingHelper
Tests run: 0, Failures: 0, Errors: 0, Skipped: 0, Time elapsed: 0 sec
Running test.jalds.alds.al.sorting.comparisonsort.TestSelectionSort
Selection   || 100 || 0
Tests run: 1, Failures: 0, Errors: 0, Skipped: 0, Time elapsed: 0.016 sec
Running test.jalds.alds.al.sorting.comparisonsort.TestCocktailSort
CockTail    || 100 || 15
Tests run: 1, Failures: 0, Errors: 0, Skipped: 0, Time elapsed: 0.015 sec
Running test.jalds.alds.ds.tree.TestSimpleBinaryTree
Tests run: 9, Failures: 0, Errors: 0, Skipped: 0, Time elapsed: 0.016 sec
Running test.jalds.alds.al.sorting.comparisonsort.TestCombSort
Comb   Sort || 100 || 0
Tests run: 1, Failures: 0, Errors: 0, Skipped: 0, Time elapsed: 0.015 sec
Running test.jalds.alds.al.sorting.comparisonsort.TestMergeSort
Merge Sort  || 100 || 0
Tests run: 1, Failures: 0, Errors: 0, Skipped: 0, Time elapsed: 0 sec
Running test.jalds.alds.al.sorting.TestComparisonSorts
Tests run: 0, Failures: 0, Errors: 0, Skipped: 0, Time elapsed: 0.016 sec
Running test.jalds.alds.ds.heaps.TestHeap
Tests run: 1, Failures: 0, Errors: 0, Skipped: 0, Time elapsed: 0 sec
Running test.jalds.alds.ds.tree.TestNode
Tests run: 1, Failures: 0, Errors: 0, Skipped: 0, Time elapsed: 0 sec
Running test.jalds.alds.al.sorting.comparisonsort.TestShellSort
Shell Sort  || 100 || 0
Tests run: 1, Failures: 0, Errors: 0, Skipped: 0, Time elapsed: 0.016 sec
Running test.jalds.alds.al.sorting.comparisonsort.TestBubbleSort
Bubble Sort || 100 || 0
Tests run: 1, Failures: 0, Errors: 0, Skipped: 0, Time elapsed: 0.015 sec
Running test.jalds.alds.al.sorting.comparisonsort.TestBinaryTreeSort
BinaryTree  || 95 || 0
Tests run: 1, Failures: 0, Errors: 0, Skipped: 0, Time elapsed: 0 sec
Running test.jalds.alds.ds.tree.rb.TestRedBlackTree
Tests run: 10, Failures: 0, Errors: 0, Skipped: 0, Time elapsed: 0.032 sec

Results :

Tests run: 30, Failures: 0, Errors: 0, Skipped: 0

[INFO] ------------------------------------------------------------------------
[INFO] BUILD SUCCESSFUL
[INFO] ------------------------------------------------------------------------
[INFO] Total time: 3 seconds
[INFO] Finished at: Wed May 28 17:13:20 MST 2008
[INFO] Final Memory: 4M/8M
[INFO] ------------------------------------------------------------------------
[INFO] Scanning for projects...
[INFO] ------------------------------------------------------------------------
[INFO] Building jalds
[INFO]    task-segment: [test]
[INFO] ------------------------------------------------------------------------
[INFO] [resources:resources]
[INFO] Using default encoding to copy filtered resources.
[INFO] [compiler:compile]
[INFO] Nothing to compile - all classes are up to date
[INFO] [resources:testResources]
[INFO] Using default encoding to copy filtered resources.
[INFO] [compiler:testCompile]
[INFO] Nothing to compile - all classes are up to date
[INFO] [surefire:test]
[INFO] Surefire report directory: C:\devender\jalds\trunk\jalds\target\surefire-reports

-------------------------------------------------------
 T E S T S
-------------------------------------------------------
Running test.jalds.alds.al.sorting.comparisonsort.TestGnomeSort
Gnome  Sort || 100 || 0
Tests run: 1, Failures: 0, Errors: 0, Skipped: 0, Time elapsed: 0.062 sec
Running test.jalds.alds.al.sorting.comparisonsort.TestInsertionSort
Insertion   || 100 || 0
Tests run: 1, Failures: 0, Errors: 0, Skipped: 0, Time elapsed: 0.016 sec
Running test.jalds.alds.al.sorting.comparisonsort.TestSortingHelper
Tests run: 0, Failures: 0, Errors: 0, Skipped: 0, Time elapsed: 0 sec
Running test.jalds.alds.al.sorting.comparisonsort.TestSelectionSort
Selection   || 100 || 0
Tests run: 1, Failures: 0, Errors: 0, Skipped: 0, Time elapsed: 0.016 sec
Running test.jalds.alds.al.sorting.comparisonsort.TestCocktailSort
CockTail    || 100 || 0
Tests run: 1, Failures: 0, Errors: 0, Skipped: 0, Time elapsed: 0.015 sec
Running test.jalds.alds.ds.tree.TestSimpleBinaryTree
Tests run: 9, Failures: 0, Errors: 0, Skipped: 0, Time elapsed: 0.016 sec
Running test.jalds.alds.al.sorting.comparisonsort.TestCombSort
Comb   Sort || 100 || 0
Tests run: 1, Failures: 0, Errors: 0, Skipped: 0, Time elapsed: 0 sec
Running test.jalds.alds.al.sorting.comparisonsort.TestMergeSort
Merge Sort  || 100 || 0
Tests run: 1, Failures: 0, Errors: 0, Skipped: 0, Time elapsed: 0.015 sec
Running test.jalds.alds.al.sorting.TestComparisonSorts
Tests run: 0, Failures: 0, Errors: 0, Skipped: 0, Time elapsed: 0 sec
Running test.jalds.alds.ds.heaps.TestHeap
Tests run: 1, Failures: 0, Errors: 0, Skipped: 0, Time elapsed: 0.016 sec
Running test.jalds.alds.ds.tree.TestNode
Tests run: 1, Failures: 0, Errors: 0, Skipped: 0, Time elapsed: 0 sec
Running test.jalds.alds.al.sorting.comparisonsort.TestShellSort
Shell Sort  || 100 || 0
Tests run: 1, Failures: 0, Errors: 0, Skipped: 0, Time elapsed: 0.016 sec
Running test.jalds.alds.al.sorting.comparisonsort.TestBubbleSort
Bubble Sort || 100 || 0
Tests run: 1, Failures: 0, Errors: 0, Skipped: 0, Time elapsed: 0 sec
Running test.jalds.alds.al.sorting.comparisonsort.TestBinaryTreeSort
BinaryTree  || 99 || 0
Tests run: 1, Failures: 0, Errors: 0, Skipped: 0, Time elapsed: 0.015 sec
Running test.jalds.alds.ds.tree.rb.TestRedBlackTree
Tests run: 10, Failures: 0, Errors: 0, Skipped: 0, Time elapsed: 0.032 sec

Results :

Tests run: 30, Failures: 0, Errors: 0, Skipped: 0

[INFO] ------------------------------------------------------------------------
[INFO] BUILD SUCCESSFUL
[INFO] ------------------------------------------------------------------------
[INFO] Total time: 3 seconds
[INFO] Finished at: Wed May 28 17:13:24 MST 2008
[INFO] Final Memory: 4M/8M
[INFO] ------------------------------------------------------------------------
[INFO] Scanning for projects...
[INFO] ------------------------------------------------------------------------
[INFO] Building jalds
[INFO]    task-segment: [test]
[INFO] ------------------------------------------------------------------------
[INFO] [resources:resources]
[INFO] Using default encoding to copy filtered resources.
[INFO] [compiler:compile]
[INFO] Nothing to compile - all classes are up to date
[INFO] [resources:testResources]
[INFO] Using default encoding to copy filtered resources.
[INFO] [compiler:testCompile]
[INFO] Nothing to compile - all classes are up to date
[INFO] [surefire:test]
[INFO] Surefire report directory: C:\devender\jalds\trunk\jalds\target\surefire-reports

-------------------------------------------------------
 T E S T S
-------------------------------------------------------
Running test.jalds.alds.al.sorting.comparisonsort.TestGnomeSort
Gnome  Sort || 100 || 0
Tests run: 1, Failures: 0, Errors: 0, Skipped: 0, Time elapsed: 0.063 sec
Running test.jalds.alds.al.sorting.comparisonsort.TestInsertionSort
Insertion   || 100 || 0
Tests run: 1, Failures: 0, Errors: 0, Skipped: 0, Time elapsed: 0.015 sec
Running test.jalds.alds.al.sorting.comparisonsort.TestSortingHelper
Tests run: 0, Failures: 0, Errors: 0, Skipped: 0, Time elapsed: 0 sec
Running test.jalds.alds.al.sorting.comparisonsort.TestSelectionSort
Selection   || 100 || 0
Tests run: 1, Failures: 0, Errors: 0, Skipped: 0, Time elapsed: 0.016 sec
Running test.jalds.alds.al.sorting.comparisonsort.TestCocktailSort
CockTail    || 100 || 16
Tests run: 1, Failures: 0, Errors: 0, Skipped: 0, Time elapsed: 0.016 sec
Running test.jalds.alds.ds.tree.TestSimpleBinaryTree
Tests run: 9, Failures: 0, Errors: 0, Skipped: 0, Time elapsed: 0.015 sec
Running test.jalds.alds.al.sorting.comparisonsort.TestCombSort
Comb   Sort || 100 || 0
Tests run: 1, Failures: 0, Errors: 0, Skipped: 0, Time elapsed: 0.016 sec
Running test.jalds.alds.al.sorting.comparisonsort.TestMergeSort
Merge Sort  || 100 || 0
Tests run: 1, Failures: 0, Errors: 0, Skipped: 0, Time elapsed: 0 sec
Running test.jalds.alds.al.sorting.TestComparisonSorts
Tests run: 0, Failures: 0, Errors: 0, Skipped: 0, Time elapsed: 0.015 sec
Running test.jalds.alds.ds.heaps.TestHeap
Tests run: 1, Failures: 0, Errors: 0, Skipped: 0, Time elapsed: 0 sec
Running test.jalds.alds.ds.tree.TestNode
Tests run: 1, Failures: 0, Errors: 0, Skipped: 0, Time elapsed: 0 sec
Running test.jalds.alds.al.sorting.comparisonsort.TestShellSort
Shell Sort  || 100 || 0
Tests run: 1, Failures: 0, Errors: 0, Skipped: 0, Time elapsed: 0 sec
Running test.jalds.alds.al.sorting.comparisonsort.TestBubbleSort
Bubble Sort || 100 || 0
Tests run: 1, Failures: 0, Errors: 0, Skipped: 0, Time elapsed: 0.016 sec
Running test.jalds.alds.al.sorting.comparisonsort.TestBinaryTreeSort
BinaryTree  || 98 || 0
Tests run: 1, Failures: 0, Errors: 0, Skipped: 0, Time elapsed: 0 sec
Running test.jalds.alds.ds.tree.rb.TestRedBlackTree
Tests run: 10, Failures: 0, Errors: 0, Skipped: 0, Time elapsed: 0.031 sec

Results :

Tests run: 30, Failures: 0, Errors: 0, Skipped: 0

[INFO] ------------------------------------------------------------------------
[INFO] BUILD SUCCESSFUL
[INFO] ------------------------------------------------------------------------
[INFO] Total time: 3 seconds
[INFO] Finished at: Wed May 28 17:13:28 MST 2008
[INFO] Final Memory: 4M/8M
[INFO] ------------------------------------------------------------------------
[INFO] Scanning for projects...
[INFO] ------------------------------------------------------------------------
[INFO] Building jalds
[INFO]    task-segment: [test]
[INFO] ------------------------------------------------------------------------
[INFO] [resources:resources]
[INFO] Using default encoding to copy filtered resources.
[INFO] [compiler:compile]
[INFO] Nothing to compile - all classes are up to date
[INFO] [resources:testResources]
[INFO] Using default encoding to copy filtered resources.
[INFO] [compiler:testCompile]
[INFO] Nothing to compile - all classes are up to date
[INFO] [surefire:test]
[INFO] Surefire report directory: C:\devender\jalds\trunk\jalds\target\surefire-reports

-------------------------------------------------------
 T E S T S
-------------------------------------------------------
Running test.jalds.alds.al.sorting.comparisonsort.TestGnomeSort
Gnome  Sort || 100 || 16
Tests run: 1, Failures: 0, Errors: 0, Skipped: 0, Time elapsed: 0.047 sec
Running test.jalds.alds.al.sorting.comparisonsort.TestInsertionSort
Insertion   || 100 || 15
Tests run: 1, Failures: 0, Errors: 0, Skipped: 0, Time elapsed: 0.015 sec
Running test.jalds.alds.al.sorting.comparisonsort.TestSortingHelper
Tests run: 0, Failures: 0, Errors: 0, Skipped: 0, Time elapsed: 0.016 sec
Running test.jalds.alds.al.sorting.comparisonsort.TestSelectionSort
Selection   || 100 || 0
Tests run: 1, Failures: 0, Errors: 0, Skipped: 0, Time elapsed: 0.015 sec
Running test.jalds.alds.al.sorting.comparisonsort.TestCocktailSort
CockTail    || 100 || 0
Tests run: 1, Failures: 0, Errors: 0, Skipped: 0, Time elapsed: 0.016 sec
Running test.jalds.alds.ds.tree.TestSimpleBinaryTree
Tests run: 9, Failures: 0, Errors: 0, Skipped: 0, Time elapsed: 0.016 sec
Running test.jalds.alds.al.sorting.comparisonsort.TestCombSort
Comb   Sort || 100 || 0
Tests run: 1, Failures: 0, Errors: 0, Skipped: 0, Time elapsed: 0 sec
Running test.jalds.alds.al.sorting.comparisonsort.TestMergeSort
Merge Sort  || 100 || 0
Tests run: 1, Failures: 0, Errors: 0, Skipped: 0, Time elapsed: 0 sec
Running test.jalds.alds.al.sorting.TestComparisonSorts
Tests run: 0, Failures: 0, Errors: 0, Skipped: 0, Time elapsed: 0 sec
Running test.jalds.alds.ds.heaps.TestHeap
Tests run: 1, Failures: 0, Errors: 0, Skipped: 0, Time elapsed: 0.016 sec
Running test.jalds.alds.ds.tree.TestNode
Tests run: 1, Failures: 0, Errors: 0, Skipped: 0, Time elapsed: 0 sec
Running test.jalds.alds.al.sorting.comparisonsort.TestShellSort
Shell Sort  || 100 || 0
Tests run: 1, Failures: 0, Errors: 0, Skipped: 0, Time elapsed: 0.016 sec
Running test.jalds.alds.al.sorting.comparisonsort.TestBubbleSort
Bubble Sort || 100 || 0
Tests run: 1, Failures: 0, Errors: 0, Skipped: 0, Time elapsed: 0 sec
Running test.jalds.alds.al.sorting.comparisonsort.TestBinaryTreeSort
BinaryTree  || 90 || 15
Tests run: 1, Failures: 0, Errors: 0, Skipped: 0, Time elapsed: 0.015 sec
Running test.jalds.alds.ds.tree.rb.TestRedBlackTree
Tests run: 10, Failures: 0, Errors: 0, Skipped: 0, Time elapsed: 0.031 sec

Results :

Tests run: 30, Failures: 0, Errors: 0, Skipped: 0

[INFO] ------------------------------------------------------------------------
[INFO] BUILD SUCCESSFUL
[INFO] ------------------------------------------------------------------------
[INFO] Total time: 2 seconds
[INFO] Finished at: Wed May 28 17:13:32 MST 2008
[INFO] Final Memory: 4M/8M
[INFO] ------------------------------------------------------------------------
[INFO] Scanning for projects...
[INFO] ------------------------------------------------------------------------
[INFO] Building jalds
[INFO]    task-segment: [test]
[INFO] ------------------------------------------------------------------------
[INFO] [resources:resources]
[INFO] Using default encoding to copy filtered resources.
[INFO] [compiler:compile]
[INFO] Nothing to compile - all classes are up to date
[INFO] [resources:testResources]
[INFO] Using default encoding to copy filtered resources.
[INFO] [compiler:testCompile]
[INFO] Nothing to compile - all classes are up to date
[INFO] [surefire:test]
[INFO] Surefire report directory: C:\devender\jalds\trunk\jalds\target\surefire-reports

-------------------------------------------------------
 T E S T S
-------------------------------------------------------
Running test.jalds.alds.al.sorting.comparisonsort.TestGnomeSort
Gnome  Sort || 100 || 0
Tests run: 1, Failures: 0, Errors: 0, Skipped: 0, Time elapsed: 0.063 sec
Running test.jalds.alds.al.sorting.comparisonsort.TestInsertionSort
Insertion   || 100 || 0
Tests run: 1, Failures: 0, Errors: 0, Skipped: 0, Time elapsed: 0.015 sec
Running test.jalds.alds.al.sorting.comparisonsort.TestSortingHelper
Tests run: 0, Failures: 0, Errors: 0, Skipped: 0, Time elapsed: 0 sec
Running test.jalds.alds.al.sorting.comparisonsort.TestSelectionSort
Selection   || 100 || 16
Tests run: 1, Failures: 0, Errors: 0, Skipped: 0, Time elapsed: 0.016 sec
Running test.jalds.alds.al.sorting.comparisonsort.TestCocktailSort
CockTail    || 100 || 0
Tests run: 1, Failures: 0, Errors: 0, Skipped: 0, Time elapsed: 0.015 sec
Running test.jalds.alds.ds.tree.TestSimpleBinaryTree
Tests run: 9, Failures: 0, Errors: 0, Skipped: 0, Time elapsed: 0.016 sec
Running test.jalds.alds.al.sorting.comparisonsort.TestCombSort
Comb   Sort || 100 || 0
Tests run: 1, Failures: 0, Errors: 0, Skipped: 0, Time elapsed: 0.016 sec
Running test.jalds.alds.al.sorting.comparisonsort.TestMergeSort
Merge Sort  || 100 || 0
Tests run: 1, Failures: 0, Errors: 0, Skipped: 0, Time elapsed: 0 sec
Running test.jalds.alds.al.sorting.TestComparisonSorts
Tests run: 0, Failures: 0, Errors: 0, Skipped: 0, Time elapsed: 0 sec
Running test.jalds.alds.ds.heaps.TestHeap
Tests run: 1, Failures: 0, Errors: 0, Skipped: 0, Time elapsed: 0.015 sec
Running test.jalds.alds.ds.tree.TestNode
Tests run: 1, Failures: 0, Errors: 0, Skipped: 0, Time elapsed: 0 sec
Running test.jalds.alds.al.sorting.comparisonsort.TestShellSort
Shell Sort  || 100 || 0
Tests run: 1, Failures: 0, Errors: 0, Skipped: 0, Time elapsed: 0.016 sec
Running test.jalds.alds.al.sorting.comparisonsort.TestBubbleSort
Bubble Sort || 100 || 0
Tests run: 1, Failures: 0, Errors: 0, Skipped: 0, Time elapsed: 0 sec
Running test.jalds.alds.al.sorting.comparisonsort.TestBinaryTreeSort
BinaryTree  || 97 || 0
Tests run: 1, Failures: 0, Errors: 0, Skipped: 0, Time elapsed: 0.016 sec
Running test.jalds.alds.ds.tree.rb.TestRedBlackTree
Tests run: 10, Failures: 0, Errors: 0, Skipped: 0, Time elapsed: 0.031 sec

Results :

Tests run: 30, Failures: 0, Errors: 0, Skipped: 0

[INFO] ------------------------------------------------------------------------
[INFO] BUILD SUCCESSFUL
[INFO] ------------------------------------------------------------------------
[INFO] Total time: 3 seconds
[INFO] Finished at: Wed May 28 17:13:35 MST 2008
[INFO] Final Memory: 4M/8M
[INFO] ------------------------------------------------------------------------
[INFO] Scanning for projects...
[INFO] ------------------------------------------------------------------------
[INFO] Building jalds
[INFO]    task-segment: [test]
[INFO] ------------------------------------------------------------------------
[INFO] [resources:resources]
[INFO] Using default encoding to copy filtered resources.
[INFO] [compiler:compile]
[INFO] Nothing to compile - all classes are up to date
[INFO] [resources:testResources]
[INFO] Using default encoding to copy filtered resources.
[INFO] [compiler:testCompile]
[INFO] Nothing to compile - all classes are up to date
[INFO] [surefire:test]
[INFO] Surefire report directory: C:\devender\jalds\trunk\jalds\target\surefire-reports

-------------------------------------------------------
 T E S T S
-------------------------------------------------------
Running test.jalds.alds.al.sorting.comparisonsort.TestGnomeSort
Gnome  Sort || 100 || 0
Tests run: 1, Failures: 0, Errors: 0, Skipped: 0, Time elapsed: 0.063 sec
Running test.jalds.alds.al.sorting.comparisonsort.TestInsertionSort
Insertion   || 100 || 0
Tests run: 1, Failures: 0, Errors: 0, Skipped: 0, Time elapsed: 0.015 sec
Running test.jalds.alds.al.sorting.comparisonsort.TestSortingHelper
Tests run: 0, Failures: 0, Errors: 0, Skipped: 0, Time elapsed: 0 sec
Running test.jalds.alds.al.sorting.comparisonsort.TestSelectionSort
Selection   || 100 || 0
Tests run: 1, Failures: 0, Errors: 0, Skipped: 0, Time elapsed: 0.016 sec
Running test.jalds.alds.al.sorting.comparisonsort.TestCocktailSort
CockTail    || 100 || 0
Tests run: 1, Failures: 0, Errors: 0, Skipped: 0, Time elapsed: 0.015 sec
Running test.jalds.alds.ds.tree.TestSimpleBinaryTree
Tests run: 9, Failures: 0, Errors: 0, Skipped: 0, Time elapsed: 0.016 sec
Running test.jalds.alds.al.sorting.comparisonsort.TestCombSort
Comb   Sort || 100 || 0
Tests run: 1, Failures: 0, Errors: 0, Skipped: 0, Time elapsed: 0 sec
Running test.jalds.alds.al.sorting.comparisonsort.TestMergeSort
Merge Sort  || 100 || 0
Tests run: 1, Failures: 0, Errors: 0, Skipped: 0, Time elapsed: 0.016 sec
Running test.jalds.alds.al.sorting.TestComparisonSorts
Tests run: 0, Failures: 0, Errors: 0, Skipped: 0, Time elapsed: 0 sec
Running test.jalds.alds.ds.heaps.TestHeap
Tests run: 1, Failures: 0, Errors: 0, Skipped: 0, Time elapsed: 0.015 sec
Running test.jalds.alds.ds.tree.TestNode
Tests run: 1, Failures: 0, Errors: 0, Skipped: 0, Time elapsed: 0 sec
Running test.jalds.alds.al.sorting.comparisonsort.TestShellSort
Shell Sort  || 100 || 0
Tests run: 1, Failures: 0, Errors: 0, Skipped: 0, Time elapsed: 0.016 sec
Running test.jalds.alds.al.sorting.comparisonsort.TestBubbleSort
Bubble Sort || 100 || 0
Tests run: 1, Failures: 0, Errors: 0, Skipped: 0, Time elapsed: 0 sec
Running test.jalds.alds.al.sorting.comparisonsort.TestBinaryTreeSort
BinaryTree  || 92 || 16
Tests run: 1, Failures: 0, Errors: 0, Skipped: 0, Time elapsed: 0.016 sec
Running test.jalds.alds.ds.tree.rb.TestRedBlackTree
Tests run: 10, Failures: 0, Errors: 0, Skipped: 0, Time elapsed: 0.031 sec

Results :

Tests run: 30, Failures: 0, Errors: 0, Skipped: 0

[INFO] ------------------------------------------------------------------------
[INFO] BUILD SUCCESSFUL
[INFO] ------------------------------------------------------------------------
[INFO] Total time: 3 seconds
[INFO] Finished at: Wed May 28 17:13:39 MST 2008
[INFO] Final Memory: 4M/8M
[INFO] ------------------------------------------------------------------------
[INFO] Scanning for projects...
[INFO] ------------------------------------------------------------------------
[INFO] Building jalds
[INFO]    task-segment: [test]
[INFO] ------------------------------------------------------------------------
[INFO] [resources:resources]
[INFO] Using default encoding to copy filtered resources.
[INFO] [compiler:compile]
[INFO] Nothing to compile - all classes are up to date
[INFO] [resources:testResources]
[INFO] Using default encoding to copy filtered resources.
[INFO] [compiler:testCompile]
[INFO] Nothing to compile - all classes are up to date
[INFO] [surefire:test]
[INFO] Surefire report directory: C:\devender\jalds\trunk\jalds\target\surefire-reports

-------------------------------------------------------
 T E S T S
-------------------------------------------------------
Running test.jalds.alds.al.sorting.comparisonsort.TestGnomeSort
Gnome  Sort || 100 || 0
Tests run: 1, Failures: 0, Errors: 0, Skipped: 0, Time elapsed: 0.047 sec
Running test.jalds.alds.al.sorting.comparisonsort.TestInsertionSort
Insertion   || 100 || 0
Tests run: 1, Failures: 0, Errors: 0, Skipped: 0, Time elapsed: 0.016 sec
Running test.jalds.alds.al.sorting.comparisonsort.TestSortingHelper
Tests run: 0, Failures: 0, Errors: 0, Skipped: 0, Time elapsed: 0.016 sec
Running test.jalds.alds.al.sorting.comparisonsort.TestSelectionSort
Selection   || 100 || 0
Tests run: 1, Failures: 0, Errors: 0, Skipped: 0, Time elapsed: 0.015 sec
Running test.jalds.alds.al.sorting.comparisonsort.TestCocktailSort
CockTail    || 100 || 0
Tests run: 1, Failures: 0, Errors: 0, Skipped: 0, Time elapsed: 0.016 sec
Running test.jalds.alds.ds.tree.TestSimpleBinaryTree
Tests run: 9, Failures: 0, Errors: 0, Skipped: 0, Time elapsed: 0.015 sec
Running test.jalds.alds.al.sorting.comparisonsort.TestCombSort
Comb   Sort || 100 || 0
Tests run: 1, Failures: 0, Errors: 0, Skipped: 0, Time elapsed: 0 sec
Running test.jalds.alds.al.sorting.comparisonsort.TestMergeSort
Merge Sort  || 100 || 0
Tests run: 1, Failures: 0, Errors: 0, Skipped: 0, Time elapsed: 0.016 sec
Running test.jalds.alds.al.sorting.TestComparisonSorts
Tests run: 0, Failures: 0, Errors: 0, Skipped: 0, Time elapsed: 0 sec
Running test.jalds.alds.ds.heaps.TestHeap
Tests run: 1, Failures: 0, Errors: 0, Skipped: 0, Time elapsed: 0.016 sec
Running test.jalds.alds.ds.tree.TestNode
Tests run: 1, Failures: 0, Errors: 0, Skipped: 0, Time elapsed: 0 sec
Running test.jalds.alds.al.sorting.comparisonsort.TestShellSort
Shell Sort  || 100 || 0
Tests run: 1, Failures: 0, Errors: 0, Skipped: 0, Time elapsed: 0 sec
Running test.jalds.alds.al.sorting.comparisonsort.TestBubbleSort
Bubble Sort || 100 || 0
Tests run: 1, Failures: 0, Errors: 0, Skipped: 0, Time elapsed: 0.015 sec
Running test.jalds.alds.al.sorting.comparisonsort.TestBinaryTreeSort
BinaryTree  || 96 || 0
Tests run: 1, Failures: 0, Errors: 0, Skipped: 0, Time elapsed: 0.016 sec
Running test.jalds.alds.ds.tree.rb.TestRedBlackTree
Tests run: 10, Failures: 0, Errors: 0, Skipped: 0, Time elapsed: 0.031 sec

Results :

Tests run: 30, Failures: 0, Errors: 0, Skipped: 0

[INFO] ------------------------------------------------------------------------
[INFO] BUILD SUCCESSFUL
[INFO] ------------------------------------------------------------------------
[INFO] Total time: 3 seconds
[INFO] Finished at: Wed May 28 17:13:43 MST 2008
[INFO] Final Memory: 4M/8M
[INFO] ------------------------------------------------------------------------
[INFO] Scanning for projects...
[INFO] ------------------------------------------------------------------------
[INFO] Building jalds
[INFO]    task-segment: [test]
[INFO] ------------------------------------------------------------------------
[INFO] [resources:resources]
[INFO] Using default encoding to copy filtered resources.
[INFO] [compiler:compile]
[INFO] Nothing to compile - all classes are up to date
[INFO] [resources:testResources]
[INFO] Using default encoding to copy filtered resources.
[INFO] [compiler:testCompile]
[INFO] Nothing to compile - all classes are up to date
[INFO] [surefire:test]
[INFO] Surefire report directory: C:\devender\jalds\trunk\jalds\target\surefire-reports

-------------------------------------------------------
 T E S T S
-------------------------------------------------------
Running test.jalds.alds.al.sorting.comparisonsort.TestGnomeSort
Gnome  Sort || 100 || 0
Tests run: 1, Failures: 0, Errors: 0, Skipped: 0, Time elapsed: 0.062 sec
Running test.jalds.alds.al.sorting.comparisonsort.TestInsertionSort
Insertion   || 100 || 0
Tests run: 1, Failures: 0, Errors: 0, Skipped: 0, Time elapsed: 0.016 sec
Running test.jalds.alds.al.sorting.comparisonsort.TestSortingHelper
Tests run: 0, Failures: 0, Errors: 0, Skipped: 0, Time elapsed: 0 sec
Running test.jalds.alds.al.sorting.comparisonsort.TestSelectionSort
Selection   || 100 || 0
Tests run: 1, Failures: 0, Errors: 0, Skipped: 0, Time elapsed: 0.016 sec
Running test.jalds.alds.al.sorting.comparisonsort.TestCocktailSort
CockTail    || 100 || 0
Tests run: 1, Failures: 0, Errors: 0, Skipped: 0, Time elapsed: 0.015 sec
Running test.jalds.alds.ds.tree.TestSimpleBinaryTree
Tests run: 9, Failures: 0, Errors: 0, Skipped: 0, Time elapsed: 0.016 sec
Running test.jalds.alds.al.sorting.comparisonsort.TestCombSort
Comb   Sort || 100 || 0
Tests run: 1, Failures: 0, Errors: 0, Skipped: 0, Time elapsed: 0.015 sec
Running test.jalds.alds.al.sorting.comparisonsort.TestMergeSort
Merge Sort  || 100 || 0
Tests run: 1, Failures: 0, Errors: 0, Skipped: 0, Time elapsed: 0 sec
Running test.jalds.alds.al.sorting.TestComparisonSorts
Tests run: 0, Failures: 0, Errors: 0, Skipped: 0, Time elapsed: 0 sec
Running test.jalds.alds.ds.heaps.TestHeap
Tests run: 1, Failures: 0, Errors: 0, Skipped: 0, Time elapsed: 0.016 sec
Running test.jalds.alds.ds.tree.TestNode
Tests run: 1, Failures: 0, Errors: 0, Skipped: 0, Time elapsed: 0 sec
Running test.jalds.alds.al.sorting.comparisonsort.TestShellSort
Shell Sort  || 100 || 16
Tests run: 1, Failures: 0, Errors: 0, Skipped: 0, Time elapsed: 0.031 sec
Running test.jalds.alds.al.sorting.comparisonsort.TestBubbleSort
Bubble Sort || 100 || 0
Tests run: 1, Failures: 0, Errors: 0, Skipped: 0, Time elapsed: 0.016 sec
Running test.jalds.alds.al.sorting.comparisonsort.TestBinaryTreeSort
BinaryTree  || 97 || 0
Tests run: 1, Failures: 0, Errors: 0, Skipped: 0, Time elapsed: 0 sec
Running test.jalds.alds.ds.tree.rb.TestRedBlackTree
Tests run: 10, Failures: 0, Errors: 0, Skipped: 0, Time elapsed: 0.031 sec

Results :

Tests run: 30, Failures: 0, Errors: 0, Skipped: 0

[INFO] ------------------------------------------------------------------------
[INFO] BUILD SUCCESSFUL
[INFO] ------------------------------------------------------------------------
[INFO] Total time: 3 seconds
[INFO] Finished at: Wed May 28 17:13:47 MST 2008
[INFO] Final Memory: 4M/8M
[INFO] ------------------------------------------------------------------------
[INFO] Scanning for projects...
[INFO] ------------------------------------------------------------------------
[INFO] Building jalds
[INFO]    task-segment: [test]
[INFO] ------------------------------------------------------------------------
[INFO] [resources:resources]
[INFO] Using default encoding to copy filtered resources.
[INFO] [compiler:compile]
[INFO] Nothing to compile - all classes are up to date
[INFO] [resources:testResources]
[INFO] Using default encoding to copy filtered resources.
[INFO] [compiler:testCompile]
[INFO] Nothing to compile - all classes are up to date
[INFO] [surefire:test]
[INFO] Surefire report directory: C:\devender\jalds\trunk\jalds\target\surefire-reports

-------------------------------------------------------
 T E S T S
-------------------------------------------------------
Running test.jalds.alds.al.sorting.comparisonsort.TestGnomeSort
Gnome  Sort || 100 || 0
Tests run: 1, Failures: 0, Errors: 0, Skipped: 0, Time elapsed: 0.062 sec
Running test.jalds.alds.al.sorting.comparisonsort.TestInsertionSort
Insertion   || 100 || 0
Tests run: 1, Failures: 0, Errors: 0, Skipped: 0, Time elapsed: 0 sec
Running test.jalds.alds.al.sorting.comparisonsort.TestSortingHelper
Tests run: 0, Failures: 0, Errors: 0, Skipped: 0, Time elapsed: 0.016 sec
Running test.jalds.alds.al.sorting.comparisonsort.TestSelectionSort
Selection   || 100 || 0
Tests run: 1, Failures: 0, Errors: 0, Skipped: 0, Time elapsed: 0.016 sec
Running test.jalds.alds.al.sorting.comparisonsort.TestCocktailSort
CockTail    || 100 || 0
Tests run: 1, Failures: 0, Errors: 0, Skipped: 0, Time elapsed: 0.015 sec
Running test.jalds.alds.ds.tree.TestSimpleBinaryTree
Tests run: 9, Failures: 0, Errors: 0, Skipped: 0, Time elapsed: 0.016 sec
Running test.jalds.alds.al.sorting.comparisonsort.TestCombSort
Comb   Sort || 100 || 0
Tests run: 1, Failures: 0, Errors: 0, Skipped: 0, Time elapsed: 0 sec
Running test.jalds.alds.al.sorting.comparisonsort.TestMergeSort
Merge Sort  || 100 || 0
Tests run: 1, Failures: 0, Errors: 0, Skipped: 0, Time elapsed: 0 sec
Running test.jalds.alds.al.sorting.TestComparisonSorts
Tests run: 0, Failures: 0, Errors: 0, Skipped: 0, Time elapsed: 0 sec
Running test.jalds.alds.ds.heaps.TestHeap
Tests run: 1, Failures: 0, Errors: 0, Skipped: 0, Time elapsed: 0.016 sec
Running test.jalds.alds.ds.tree.TestNode
Tests run: 1, Failures: 0, Errors: 0, Skipped: 0, Time elapsed: 0 sec
Running test.jalds.alds.al.sorting.comparisonsort.TestShellSort
Shell Sort  || 100 || 0
Tests run: 1, Failures: 0, Errors: 0, Skipped: 0, Time elapsed: 0.016 sec
Running test.jalds.alds.al.sorting.comparisonsort.TestBubbleSort
Bubble Sort || 100 || 0
Tests run: 1, Failures: 0, Errors: 0, Skipped: 0, Time elapsed: 0 sec
Running test.jalds.alds.al.sorting.comparisonsort.TestBinaryTreeSort
BinaryTree  || 95 || 0
Tests run: 1, Failures: 0, Errors: 0, Skipped: 0, Time elapsed: 0.015 sec
Running test.jalds.alds.ds.tree.rb.TestRedBlackTree
Tests run: 10, Failures: 0, Errors: 0, Skipped: 0, Time elapsed: 0.032 sec

Results :

Tests run: 30, Failures: 0, Errors: 0, Skipped: 0

[INFO] ------------------------------------------------------------------------
[INFO] BUILD SUCCESSFUL
[INFO] ------------------------------------------------------------------------
[INFO] Total time: 2 seconds
[INFO] Finished at: Wed May 28 17:13:50 MST 2008
[INFO] Final Memory: 4M/8M
[INFO] ------------------------------------------------------------------------
[INFO] Scanning for projects...
[INFO] ------------------------------------------------------------------------
[INFO] Building jalds
[INFO]    task-segment: [test]
[INFO] ------------------------------------------------------------------------
[INFO] [resources:resources]
[INFO] Using default encoding to copy filtered resources.
[INFO] [compiler:compile]
[INFO] Nothing to compile - all classes are up to date
[INFO] [resources:testResources]
[INFO] Using default encoding to copy filtered resources.
[INFO] [compiler:testCompile]
[INFO] Nothing to compile - all classes are up to date
[INFO] [surefire:test]
[INFO] Surefire report directory: C:\devender\jalds\trunk\jalds\target\surefire-reports

-------------------------------------------------------
 T E S T S
-------------------------------------------------------
Running test.jalds.alds.al.sorting.comparisonsort.TestGnomeSort
Gnome  Sort || 100 || 16
Tests run: 1, Failures: 0, Errors: 0, Skipped: 0, Time elapsed: 0.047 sec
Running test.jalds.alds.al.sorting.comparisonsort.TestInsertionSort
Insertion   || 100 || 0
Tests run: 1, Failures: 0, Errors: 0, Skipped: 0, Time elapsed: 0.016 sec
Running test.jalds.alds.al.sorting.comparisonsort.TestSortingHelper
Tests run: 0, Failures: 0, Errors: 0, Skipped: 0, Time elapsed: 0 sec
Running test.jalds.alds.al.sorting.comparisonsort.TestSelectionSort
Selection   || 100 || 0
Tests run: 1, Failures: 0, Errors: 0, Skipped: 0, Time elapsed: 0 sec
Running test.jalds.alds.al.sorting.comparisonsort.TestCocktailSort
CockTail    || 100 || 0
Tests run: 1, Failures: 0, Errors: 0, Skipped: 0, Time elapsed: 0.016 sec
Running test.jalds.alds.ds.tree.TestSimpleBinaryTree
Tests run: 9, Failures: 0, Errors: 0, Skipped: 0, Time elapsed: 0.016 sec
Running test.jalds.alds.al.sorting.comparisonsort.TestCombSort
Comb   Sort || 100 || 0
Tests run: 1, Failures: 0, Errors: 0, Skipped: 0, Time elapsed: 0.015 sec
Running test.jalds.alds.al.sorting.comparisonsort.TestMergeSort
Merge Sort  || 100 || 0
Tests run: 1, Failures: 0, Errors: 0, Skipped: 0, Time elapsed: 0.016 sec
Running test.jalds.alds.al.sorting.TestComparisonSorts
Tests run: 0, Failures: 0, Errors: 0, Skipped: 0, Time elapsed: 0 sec
Running test.jalds.alds.ds.heaps.TestHeap
Tests run: 1, Failures: 0, Errors: 0, Skipped: 0, Time elapsed: 0 sec
Running test.jalds.alds.ds.tree.TestNode
Tests run: 1, Failures: 0, Errors: 0, Skipped: 0, Time elapsed: 0.016 sec
Running test.jalds.alds.al.sorting.comparisonsort.TestShellSort
Shell Sort  || 100 || 0
Tests run: 1, Failures: 0, Errors: 0, Skipped: 0, Time elapsed: 0 sec
Running test.jalds.alds.al.sorting.comparisonsort.TestBubbleSort
Bubble Sort || 100 || 15
Tests run: 1, Failures: 0, Errors: 0, Skipped: 0, Time elapsed: 0.015 sec
Running test.jalds.alds.al.sorting.comparisonsort.TestBinaryTreeSort
BinaryTree  || 93 || 0
Tests run: 1, Failures: 0, Errors: 0, Skipped: 0, Time elapsed: 0 sec
Running test.jalds.alds.ds.tree.rb.TestRedBlackTree
Tests run: 10, Failures: 0, Errors: 0, Skipped: 0, Time elapsed: 0.031 sec

Results :

Tests run: 30, Failures: 0, Errors: 0, Skipped: 0

[INFO] ------------------------------------------------------------------------
[INFO] BUILD SUCCESSFUL
[INFO] ------------------------------------------------------------------------
[INFO] Total time: 2 seconds
[INFO] Finished at: Wed May 28 17:13:54 MST 2008
[INFO] Final Memory: 4M/8M
[INFO] ------------------------------------------------------------------------
[INFO] Scanning for projects...
[INFO] ------------------------------------------------------------------------
[INFO] Building jalds
[INFO]    task-segment: [test]
[INFO] ------------------------------------------------------------------------
[INFO] [resources:resources]
[INFO] Using default encoding to copy filtered resources.
[INFO] [compiler:compile]
[INFO] Nothing to compile - all classes are up to date
[INFO] [resources:testResources]
[INFO] Using default encoding to copy filtered resources.
[INFO] [compiler:testCompile]
[INFO] Nothing to compile - all classes are up to date
[INFO] [surefire:test]
[INFO] Surefire report directory: C:\devender\jalds\trunk\jalds\target\surefire-reports

-------------------------------------------------------
 T E S T S
-------------------------------------------------------
Running test.jalds.alds.al.sorting.comparisonsort.TestGnomeSort
Gnome  Sort || 100 || 16
Tests run: 1, Failures: 0, Errors: 0, Skipped: 0, Time elapsed: 0.047 sec
Running test.jalds.alds.al.sorting.comparisonsort.TestInsertionSort
Insertion   || 100 || 0
Tests run: 1, Failures: 0, Errors: 0, Skipped: 0, Time elapsed: 0.015 sec
Running test.jalds.alds.al.sorting.comparisonsort.TestSortingHelper
Tests run: 0, Failures: 0, Errors: 0, Skipped: 0, Time elapsed: 0.016 sec
Running test.jalds.alds.al.sorting.comparisonsort.TestSelectionSort
Selection   || 100 || 0
Tests run: 1, Failures: 0, Errors: 0, Skipped: 0, Time elapsed: 0.016 sec
Running test.jalds.alds.al.sorting.comparisonsort.TestCocktailSort
CockTail    || 100 || 0
Tests run: 1, Failures: 0, Errors: 0, Skipped: 0, Time elapsed: 0 sec
Running test.jalds.alds.ds.tree.TestSimpleBinaryTree
Tests run: 9, Failures: 0, Errors: 0, Skipped: 0, Time elapsed: 0.015 sec
Running test.jalds.alds.al.sorting.comparisonsort.TestCombSort
Comb   Sort || 100 || 0
Tests run: 1, Failures: 0, Errors: 0, Skipped: 0, Time elapsed: 0.016 sec
Running test.jalds.alds.al.sorting.comparisonsort.TestMergeSort
Merge Sort  || 100 || 0
Tests run: 1, Failures: 0, Errors: 0, Skipped: 0, Time elapsed: 0.015 sec
Running test.jalds.alds.al.sorting.TestComparisonSorts
Tests run: 0, Failures: 0, Errors: 0, Skipped: 0, Time elapsed: 0 sec
Running test.jalds.alds.ds.heaps.TestHeap
Tests run: 1, Failures: 0, Errors: 0, Skipped: 0, Time elapsed: 0 sec
Running test.jalds.alds.ds.tree.TestNode
Tests run: 1, Failures: 0, Errors: 0, Skipped: 0, Time elapsed: 0 sec
Running test.jalds.alds.al.sorting.comparisonsort.TestShellSort
Shell Sort  || 100 || 0
Tests run: 1, Failures: 0, Errors: 0, Skipped: 0, Time elapsed: 0 sec
Running test.jalds.alds.al.sorting.comparisonsort.TestBubbleSort
Bubble Sort || 100 || 16
Tests run: 1, Failures: 0, Errors: 0, Skipped: 0, Time elapsed: 0.016 sec
Running test.jalds.alds.al.sorting.comparisonsort.TestBinaryTreeSort
BinaryTree  || 97 || 0
Tests run: 1, Failures: 0, Errors: 0, Skipped: 0, Time elapsed: 0 sec
Running test.jalds.alds.ds.tree.rb.TestRedBlackTree
Tests run: 10, Failures: 0, Errors: 0, Skipped: 0, Time elapsed: 0.016 sec

Results :

Tests run: 30, Failures: 0, Errors: 0, Skipped: 0

[INFO] ------------------------------------------------------------------------
[INFO] BUILD SUCCESSFUL
[INFO] ------------------------------------------------------------------------
[INFO] Total time: 2 seconds
[INFO] Finished at: Wed May 28 17:13:58 MST 2008
[INFO] Final Memory: 4M/8M
[INFO] ------------------------------------------------------------------------
[INFO] Scanning for projects...
[INFO] ------------------------------------------------------------------------
[INFO] Building jalds
[INFO]    task-segment: [test]
[INFO] ------------------------------------------------------------------------
[INFO] [resources:resources]
[INFO] Using default encoding to copy filtered resources.
[INFO] [compiler:compile]
[INFO] Nothing to compile - all classes are up to date
[INFO] [resources:testResources]
[INFO] Using default encoding to copy filtered resources.
[INFO] [compiler:testCompile]
[INFO] Nothing to compile - all classes are up to date
[INFO] [surefire:test]
[INFO] Surefire report directory: C:\devender\jalds\trunk\jalds\target\surefire-reports

-------------------------------------------------------
 T E S T S
-------------------------------------------------------
Running test.jalds.alds.al.sorting.comparisonsort.TestGnomeSort
Gnome  Sort || 100 || 0
Tests run: 1, Failures: 0, Errors: 0, Skipped: 0, Time elapsed: 0.063 sec
Running test.jalds.alds.al.sorting.comparisonsort.TestInsertionSort
Insertion   || 100 || 15
Tests run: 1, Failures: 0, Errors: 0, Skipped: 0, Time elapsed: 0.015 sec
Running test.jalds.alds.al.sorting.comparisonsort.TestSortingHelper
Tests run: 0, Failures: 0, Errors: 0, Skipped: 0, Time elapsed: 0.016 sec
Running test.jalds.alds.al.sorting.comparisonsort.TestSelectionSort
Selection   || 100 || 0
Tests run: 1, Failures: 0, Errors: 0, Skipped: 0, Time elapsed: 0 sec
Running test.jalds.alds.al.sorting.comparisonsort.TestCocktailSort
CockTail    || 100 || 0
Tests run: 1, Failures: 0, Errors: 0, Skipped: 0, Time elapsed: 0.016 sec
Running test.jalds.alds.ds.tree.TestSimpleBinaryTree
Tests run: 9, Failures: 0, Errors: 0, Skipped: 0, Time elapsed: 0.015 sec
Running test.jalds.alds.al.sorting.comparisonsort.TestCombSort
Comb   Sort || 100 || 16
Tests run: 1, Failures: 0, Errors: 0, Skipped: 0, Time elapsed: 0.016 sec
Running test.jalds.alds.al.sorting.comparisonsort.TestMergeSort
Merge Sort  || 100 || 0
Tests run: 1, Failures: 0, Errors: 0, Skipped: 0, Time elapsed: 0 sec
Running test.jalds.alds.al.sorting.TestComparisonSorts
Tests run: 0, Failures: 0, Errors: 0, Skipped: 0, Time elapsed: 0.015 sec
Running test.jalds.alds.ds.heaps.TestHeap
Tests run: 1, Failures: 0, Errors: 0, Skipped: 0, Time elapsed: 0 sec
Running test.jalds.alds.ds.tree.TestNode
Tests run: 1, Failures: 0, Errors: 0, Skipped: 0, Time elapsed: 0.016 sec
Running test.jalds.alds.al.sorting.comparisonsort.TestShellSort
Shell Sort  || 100 || 0
Tests run: 1, Failures: 0, Errors: 0, Skipped: 0, Time elapsed: 0 sec
Running test.jalds.alds.al.sorting.comparisonsort.TestBubbleSort
Bubble Sort || 100 || 16
Tests run: 1, Failures: 0, Errors: 0, Skipped: 0, Time elapsed: 0.016 sec
Running test.jalds.alds.al.sorting.comparisonsort.TestBinaryTreeSort
BinaryTree  || 93 || 0
Tests run: 1, Failures: 0, Errors: 0, Skipped: 0, Time elapsed: 0 sec
Running test.jalds.alds.ds.tree.rb.TestRedBlackTree
Tests run: 10, Failures: 0, Errors: 0, Skipped: 0, Time elapsed: 0.031 sec

Results :

Tests run: 30, Failures: 0, Errors: 0, Skipped: 0

[INFO] ------------------------------------------------------------------------
[INFO] BUILD SUCCESSFUL
[INFO] ------------------------------------------------------------------------
[INFO] Total time: 3 seconds
[INFO] Finished at: Wed May 28 17:14:01 MST 2008
[INFO] Final Memory: 4M/8M
[INFO] ------------------------------------------------------------------------
[INFO] Scanning for projects...
[INFO] ------------------------------------------------------------------------
[INFO] Building jalds
[INFO]    task-segment: [test]
[INFO] ------------------------------------------------------------------------
[INFO] [resources:resources]
[INFO] Using default encoding to copy filtered resources.
[INFO] [compiler:compile]
[INFO] Nothing to compile - all classes are up to date
[INFO] [resources:testResources]
[INFO] Using default encoding to copy filtered resources.
[INFO] [compiler:testCompile]
[INFO] Nothing to compile - all classes are up to date
[INFO] [surefire:test]
[INFO] Surefire report directory: C:\devender\jalds\trunk\jalds\target\surefire-reports

-------------------------------------------------------
 T E S T S
-------------------------------------------------------
Running test.jalds.alds.al.sorting.comparisonsort.TestGnomeSort
Gnome  Sort || 100 || 0
Tests run: 1, Failures: 0, Errors: 0, Skipped: 0, Time elapsed: 0.047 sec
Running test.jalds.alds.al.sorting.comparisonsort.TestInsertionSort
Insertion   || 100 || 0
Tests run: 1, Failures: 0, Errors: 0, Skipped: 0, Time elapsed: 0.016 sec
Running test.jalds.alds.al.sorting.comparisonsort.TestSortingHelper
Tests run: 0, Failures: 0, Errors: 0, Skipped: 0, Time elapsed: 0.015 sec
Running test.jalds.alds.al.sorting.comparisonsort.TestSelectionSort
Selection   || 100 || 0
Tests run: 1, Failures: 0, Errors: 0, Skipped: 0, Time elapsed: 0.016 sec
Running test.jalds.alds.al.sorting.comparisonsort.TestCocktailSort
CockTail    || 100 || 0
Tests run: 1, Failures: 0, Errors: 0, Skipped: 0, Time elapsed: 0.016 sec
Running test.jalds.alds.ds.tree.TestSimpleBinaryTree
Tests run: 9, Failures: 0, Errors: 0, Skipped: 0, Time elapsed: 0.015 sec
Running test.jalds.alds.al.sorting.comparisonsort.TestCombSort
Comb   Sort || 100 || 0
Tests run: 1, Failures: 0, Errors: 0, Skipped: 0, Time elapsed: 0 sec
Running test.jalds.alds.al.sorting.comparisonsort.TestMergeSort
Merge Sort  || 100 || 0
Tests run: 1, Failures: 0, Errors: 0, Skipped: 0, Time elapsed: 0.016 sec
Running test.jalds.alds.al.sorting.TestComparisonSorts
Tests run: 0, Failures: 0, Errors: 0, Skipped: 0, Time elapsed: 0 sec
Running test.jalds.alds.ds.heaps.TestHeap
Tests run: 1, Failures: 0, Errors: 0, Skipped: 0, Time elapsed: 0 sec
Running test.jalds.alds.ds.tree.TestNode
Tests run: 1, Failures: 0, Errors: 0, Skipped: 0, Time elapsed: 0 sec
Running test.jalds.alds.al.sorting.comparisonsort.TestShellSort
Shell Sort  || 100 || 0
Tests run: 1, Failures: 0, Errors: 0, Skipped: 0, Time elapsed: 0 sec
Running test.jalds.alds.al.sorting.comparisonsort.TestBubbleSort
Bubble Sort || 100 || 16
Tests run: 1, Failures: 0, Errors: 0, Skipped: 0, Time elapsed: 0.016 sec
Running test.jalds.alds.al.sorting.comparisonsort.TestBinaryTreeSort
BinaryTree  || 96 || 0
Tests run: 1, Failures: 0, Errors: 0, Skipped: 0, Time elapsed: 0 sec
Running test.jalds.alds.ds.tree.rb.TestRedBlackTree
Tests run: 10, Failures: 0, Errors: 0, Skipped: 0, Time elapsed: 0.015 sec

Results :

Tests run: 30, Failures: 0, Errors: 0, Skipped: 0

[INFO] ------------------------------------------------------------------------
[INFO] BUILD SUCCESSFUL
[INFO] ------------------------------------------------------------------------
[INFO] Total time: 3 seconds
[INFO] Finished at: Wed May 28 17:14:05 MST 2008
[INFO] Final Memory: 4M/8M
[INFO] ------------------------------------------------------------------------
[INFO] Scanning for projects...
[INFO] ------------------------------------------------------------------------
[INFO] Building jalds
[INFO]    task-segment: [test]
[INFO] ------------------------------------------------------------------------
[INFO] [resources:resources]
[INFO] Using default encoding to copy filtered resources.
[INFO] [compiler:compile]
[INFO] Nothing to compile - all classes are up to date
[INFO] [resources:testResources]
[INFO] Using default encoding to copy filtered resources.
[INFO] [compiler:testCompile]
[INFO] Nothing to compile - all classes are up to date
[INFO] [surefire:test]
[INFO] Surefire report directory: C:\devender\jalds\trunk\jalds\target\surefire-reports

-------------------------------------------------------
 T E S T S
-------------------------------------------------------
Running test.jalds.alds.al.sorting.comparisonsort.TestGnomeSort
Gnome  Sort || 100 || 15
Tests run: 1, Failures: 0, Errors: 0, Skipped: 0, Time elapsed: 0.047 sec
Running test.jalds.alds.al.sorting.comparisonsort.TestInsertionSort
Insertion   || 100 || 16
Tests run: 1, Failures: 0, Errors: 0, Skipped: 0, Time elapsed: 0.016 sec
Running test.jalds.alds.al.sorting.comparisonsort.TestSortingHelper
Tests run: 0, Failures: 0, Errors: 0, Skipped: 0, Time elapsed: 0.015 sec
Running test.jalds.alds.al.sorting.comparisonsort.TestSelectionSort
Selection   || 100 || 0
Tests run: 1, Failures: 0, Errors: 0, Skipped: 0, Time elapsed: 0.016 sec
Running test.jalds.alds.al.sorting.comparisonsort.TestCocktailSort
CockTail    || 100 || 0
Tests run: 1, Failures: 0, Errors: 0, Skipped: 0, Time elapsed: 0 sec
Running test.jalds.alds.ds.tree.TestSimpleBinaryTree
Tests run: 9, Failures: 0, Errors: 0, Skipped: 0, Time elapsed: 0.016 sec
Running test.jalds.alds.al.sorting.comparisonsort.TestCombSort
Comb   Sort || 100 || 0
Tests run: 1, Failures: 0, Errors: 0, Skipped: 0, Time elapsed: 0.015 sec
Running test.jalds.alds.al.sorting.comparisonsort.TestMergeSort
Merge Sort  || 100 || 0
Tests run: 1, Failures: 0, Errors: 0, Skipped: 0, Time elapsed: 0.016 sec
Running test.jalds.alds.al.sorting.TestComparisonSorts
Tests run: 0, Failures: 0, Errors: 0, Skipped: 0, Time elapsed: 0 sec
Running test.jalds.alds.ds.heaps.TestHeap
Tests run: 1, Failures: 0, Errors: 0, Skipped: 0, Time elapsed: 0 sec
Running test.jalds.alds.ds.tree.TestNode
Tests run: 1, Failures: 0, Errors: 0, Skipped: 0, Time elapsed: 0.015 sec
Running test.jalds.alds.al.sorting.comparisonsort.TestShellSort
Shell Sort  || 100 || 0
Tests run: 1, Failures: 0, Errors: 0, Skipped: 0, Time elapsed: 0 sec
Running test.jalds.alds.al.sorting.comparisonsort.TestBubbleSort
Bubble Sort || 100 || 16
Tests run: 1, Failures: 0, Errors: 0, Skipped: 0, Time elapsed: 0.016 sec
Running test.jalds.alds.al.sorting.comparisonsort.TestBinaryTreeSort
BinaryTree  || 98 || 0
Tests run: 1, Failures: 0, Errors: 0, Skipped: 0, Time elapsed: 0 sec
Running test.jalds.alds.ds.tree.rb.TestRedBlackTree
Tests run: 10, Failures: 0, Errors: 0, Skipped: 0, Time elapsed: 0.031 sec

Results :

Tests run: 30, Failures: 0, Errors: 0, Skipped: 0

[INFO] ------------------------------------------------------------------------
[INFO] BUILD SUCCESSFUL
[INFO] ------------------------------------------------------------------------
[INFO] Total time: 3 seconds
[INFO] Finished at: Wed May 28 17:14:09 MST 2008
[INFO] Final Memory: 4M/8M
[INFO] ------------------------------------------------------------------------
[INFO] Scanning for projects...
[INFO] ------------------------------------------------------------------------
[INFO] Building jalds
[INFO]    task-segment: [test]
[INFO] ------------------------------------------------------------------------
[INFO] [resources:resources]
[INFO] Using default encoding to copy filtered resources.
[INFO] [compiler:compile]
[INFO] Nothing to compile - all classes are up to date
[INFO] [resources:testResources]
[INFO] Using default encoding to copy filtered resources.
[INFO] [compiler:testCompile]
[INFO] Nothing to compile - all classes are up to date
[INFO] [surefire:test]
[INFO] Surefire report directory: C:\devender\jalds\trunk\jalds\target\surefire-reports

-------------------------------------------------------
 T E S T S
-------------------------------------------------------
Running test.jalds.alds.al.sorting.comparisonsort.TestGnomeSort
Gnome  Sort || 100 || 0
Tests run: 1, Failures: 0, Errors: 0, Skipped: 0, Time elapsed: 0.062 sec
Running test.jalds.alds.al.sorting.comparisonsort.TestInsertionSort
Insertion   || 100 || 0
Tests run: 1, Failures: 0, Errors: 0, Skipped: 0, Time elapsed: 0.016 sec
Running test.jalds.alds.al.sorting.comparisonsort.TestSortingHelper
Tests run: 0, Failures: 0, Errors: 0, Skipped: 0, Time elapsed: 0 sec
Running test.jalds.alds.al.sorting.comparisonsort.TestSelectionSort
Selection   || 100 || 15
Tests run: 1, Failures: 0, Errors: 0, Skipped: 0, Time elapsed: 0.015 sec
Running test.jalds.alds.al.sorting.comparisonsort.TestCocktailSort
CockTail    || 100 || 16
Tests run: 1, Failures: 0, Errors: 0, Skipped: 0, Time elapsed: 0.016 sec
Running test.jalds.alds.ds.tree.TestSimpleBinaryTree
Tests run: 9, Failures: 0, Errors: 0, Skipped: 0, Time elapsed: 0.016 sec
Running test.jalds.alds.al.sorting.comparisonsort.TestCombSort
Comb   Sort || 100 || 0
Tests run: 1, Failures: 0, Errors: 0, Skipped: 0, Time elapsed: 0.015 sec
Running test.jalds.alds.al.sorting.comparisonsort.TestMergeSort
Merge Sort  || 100 || 0
Tests run: 1, Failures: 0, Errors: 0, Skipped: 0, Time elapsed: 0 sec
Running test.jalds.alds.al.sorting.TestComparisonSorts
Tests run: 0, Failures: 0, Errors: 0, Skipped: 0, Time elapsed: 0.016 sec
Running test.jalds.alds.ds.heaps.TestHeap
Tests run: 1, Failures: 0, Errors: 0, Skipped: 0, Time elapsed: 0 sec
Running test.jalds.alds.ds.tree.TestNode
Tests run: 1, Failures: 0, Errors: 0, Skipped: 0, Time elapsed: 0 sec
Running test.jalds.alds.al.sorting.comparisonsort.TestShellSort
Shell Sort  || 100 || 0
Tests run: 1, Failures: 0, Errors: 0, Skipped: 0, Time elapsed: 0.015 sec
Running test.jalds.alds.al.sorting.comparisonsort.TestBubbleSort
Bubble Sort || 100 || 0
Tests run: 1, Failures: 0, Errors: 0, Skipped: 0, Time elapsed: 0.016 sec
Running test.jalds.alds.al.sorting.comparisonsort.TestBinaryTreeSort
BinaryTree  || 98 || 0
Tests run: 1, Failures: 0, Errors: 0, Skipped: 0, Time elapsed: 0 sec
Running test.jalds.alds.ds.tree.rb.TestRedBlackTree
Tests run: 10, Failures: 0, Errors: 0, Skipped: 0, Time elapsed: 0.031 sec

Results :

Tests run: 30, Failures: 0, Errors: 0, Skipped: 0

[INFO] ------------------------------------------------------------------------
[INFO] BUILD SUCCESSFUL
[INFO] ------------------------------------------------------------------------
[INFO] Total time: 3 seconds
[INFO] Finished at: Wed May 28 17:14:13 MST 2008
[INFO] Final Memory: 4M/8M
[INFO] ------------------------------------------------------------------------
